<?xml version="1.0" encoding="UTF-8"?>
<!-- Generated by org.testng.reporters.JUnitReportReporter -->
<testsuite hostname="IBM-Testing01" name="grid.Correct_Grid" tests="1" failures="0" timestamp="16 Mar 2020 08:42:02 GMT" time="29.663" errors="0">
  <testcase name="verifylogin" time="29.663" classname="grid.Correct_Grid"/>
</testsuite> <!-- grid.Correct_Grid -->
